Arguments: 
  C:\Program Files\nodejs\node.exe C:\Users\fluva\AppData\Roaming\npm\node_modules\yarn\bin\yarn.js add @chatscope/chat-ui-kit-native

PATH: 
  C:\Python311\Scripts\;C:\Python311\;C:\Program Files (x86)\Common Files\Oracle\Java\javapath;C:\Program Files (x86)\Razer Chroma SDK\bin;C:\Program Files\Razer Chroma SDK\bin;C:\Program Files (x86)\Razer\ChromaBroadcast\bin;C:\Program Files\Razer\ChromaBroadcast\bin;C:\Python310\Scripts\;C:\Python310\;C:\Windows\system32;C:\Windows;C:\Windows\System32\Wbem;C:\Windows\System32\WindowsPowerShell\v1.0\;C:\Windows\System32\OpenSSH\;C:\ProgramData\chocolatey\bin;C:\Program Files\Git\cmd;C:\Program Files\Microsoft VS Code\bin;C:\xampp\php;C:\ProgramData\ComposerSetup\bin;C:\Program Files\MySQL\MySQL Shell 8.0\bin\;C:\Users\fluva\AppData\Local\Microsoft\WindowsApps;C:\Users\fluva\AppData\Roaming\npm;C:\Users\fluva\AppData\Local\GitHubDesktop\bin;C:\Users\fluva\AppData\Local\Programs\Microsoft VS Code\bin;C:\Users\fluva\AppData\Roaming\Composer\vendor\bin;C:\Windows\system32\config\systemprofile\AppData\Local\Microsoft\WindowsApps;C:\Program Files\Intel\WiFi\bin\;C:\Program Files\Common Files\Intel\WirelessCommon\;C:\Program Files\PuTTY\;C:\webdrivers\chromedriver.exe;C:\Program Files (x86)\Admin Arsenal\PDQ Inventory\;C:\Program Files\PowerShell\7\;C:\Program Files\MySQL\MySQL Server 8.0\bin;C:\ProgramData\nvm;C:\ProgramData\nvm;C:\Program Files\nodejs\;C:\Users\fluva\.windows-build-tools\python27\;C:\Users\fluva\.windows-build-tools\python27\;C:\Program Files\MySQL\MySQL Shell 8.0\bin\;C:\Ruby31-x64\bin;C:\Users\fluva\AppData\Local\Microsoft\WindowsApps;C:\Users\fluva\AppData\Local\GitHubDesktop\bin;C:\Users\fluva\AppData\Local\Programs\Microsoft VS Code\bin;C:\Users\fluva\AppData\Roaming\Composer\vendor\bin;C:\xampp\php;C:\Program Files\Intel\WiFi\bin\;C:\Program Files\Common Files\Intel\WirelessCommon\;C:\Program Files\MongoDB\Server\6.0\bin;C:\ProgramData\nvm;C:\ProgramData\nvm;C:\Users\fluva\AppData\Roaming\npm;C:\Users\fluva\OneDrive\Desktop\adktools;

Yarn version: 
  1.22.19

Node version: 
  18.15.0

Platform: 
  win32 x64

Trace: 
  Error: https://registry.yarnpkg.com/@chatscope%2fchat-ui-kit-native: Not found
      at params.callback [as _callback] (C:\Users\fluva\AppData\Roaming\npm\node_modules\yarn\lib\cli.js:66145:18)
      at self.callback (C:\Users\fluva\AppData\Roaming\npm\node_modules\yarn\lib\cli.js:140890:22)
      at Request.emit (node:events:513:28)
      at Request.<anonymous> (C:\Users\fluva\AppData\Roaming\npm\node_modules\yarn\lib\cli.js:141862:10)
      at Request.emit (node:events:513:28)
      at IncomingMessage.<anonymous> (C:\Users\fluva\AppData\Roaming\npm\node_modules\yarn\lib\cli.js:141784:12)
      at Object.onceWrapper (node:events:627:28)
      at IncomingMessage.emit (node:events:525:35)
      at endReadableNT (node:internal/streams/readable:1359:12)
      at process.processTicksAndRejections (node:internal/process/task_queues:82:21)

npm manifest: 
  {
    "name": "tellbotapp",
    "version": "1.0.0",
    "main": "node_modules/expo/AppEntry.js",
    "scripts": {
      "start": "expo start",
      "android": "expo start --android",
      "ios": "expo start --ios",
      "web": "expo start --web"
    },
    "dependencies": {
      "@chatscope/chat-ui-kit-react": "^1.10.1",
      "@chatscope/chat-ui-kit-styles": "^1.4.0",
      "@types/react": "^18.0.33",
      "@types/react-dom": "^18.0.11",
      "expo": "~48.0.10",
      "expo-status-bar": "~1.4.4",
      "react": "18.2.0",
      "react-dom": "^18.2.0",
      "react-native": "0.71.6",
      "react-simple-chatbot": "^0.6.1"
    },
    "devDependencies": {
      "@babel/core": "^7.20.0"
    },
    "private": true
  }

yarn manifest: 
  No manifest

Lockfile: 
  No lockfile
